2020-03-28T18:20:22.210+0000 I  CONTROL  [main] Automatically disabling TLS 1.0, to force-enable TLS 1.0 specify --sslDisabledProtocols 'none'
2020-03-28T18:20:22.215+0000 I  CONTROL  [initandlisten] MongoDB starting : pid=9 port=27017 dbpath=/data/db 64-bit host=82d5ac53e62b
2020-03-28T18:20:22.216+0000 I  CONTROL  [initandlisten] db version v4.2.2
2020-03-28T18:20:22.216+0000 I  CONTROL  [initandlisten] git version: a0bbbff6ada159e19298d37946ac8dc4b497eadf
2020-03-28T18:20:22.217+0000 I  CONTROL  [initandlisten] OpenSSL version: OpenSSL 1.1.1d  10 Sep 2019
2020-03-28T18:20:22.218+0000 I  CONTROL  [initandlisten] allocator: tcmalloc
2020-03-28T18:20:22.218+0000 I  CONTROL  [initandlisten] modules: none
2020-03-28T18:20:22.220+0000 I  CONTROL  [initandlisten] build environment:
2020-03-28T18:20:22.220+0000 I  CONTROL  [initandlisten]     distmod: debian10
2020-03-28T18:20:22.221+0000 I  CONTROL  [initandlisten]     distarch: x86_64
2020-03-28T18:20:22.222+0000 I  CONTROL  [initandlisten]     target_arch: x86_64
2020-03-28T18:20:22.222+0000 I  CONTROL  [initandlisten] options: { net: { bindIp: "*" }, processManagement: { fork: true }, systemLog: { destination: "file", path: "/var/log/mongodb.log" } }
2020-03-28T18:20:22.228+0000 W  STORAGE  [initandlisten] Detected unclean shutdown - /data/db/mongod.lock is not empty.
2020-03-28T18:20:22.236+0000 I  STORAGE  [initandlisten] Detected data files in /data/db created by the 'wiredTiger' storage engine, so setting the active storage engine to 'wiredTiger'.
2020-03-28T18:20:22.244+0000 W  STORAGE  [initandlisten] Recovering data from the last clean checkpoint.
2020-03-28T18:20:22.249+0000 I  STORAGE  [initandlisten] wiredtiger_open config: create,cache_size=482M,cache_overflow=(file_max=0M),session_max=33000,eviction=(threads_min=4,threads_max=4),config_base=false,statistics=(fast),log=(enabled=true,archive=true,path=journal,compressor=snappy),file_manager=(close_idle_time=100000,close_scan_interval=10,close_handle_minimum=250),statistics_log=(wait=0),verbose=[recovery_progress,checkpoint_progress],
2020-03-28T18:20:36.481+0000 I  STORAGE  [initandlisten] WiredTiger message [1585419636:481197][9:0x7f280ce9ad40], txn-recover: Recovering log 6 through 7
2020-03-28T18:20:37.086+0000 I  STORAGE  [initandlisten] WiredTiger message [1585419637:86272][9:0x7f280ce9ad40], txn-recover: Recovering log 7 through 7
2020-03-28T18:20:37.782+0000 I  STORAGE  [initandlisten] WiredTiger message [1585419637:782951][9:0x7f280ce9ad40], txn-recover: Main recovery loop: starting at 6/8448 to 7/256
2020-03-28T18:20:37.811+0000 I  STORAGE  [initandlisten] WiredTiger message [1585419637:811455][9:0x7f280ce9ad40], txn-recover: Recovering log 6 through 7
2020-03-28T18:20:38.375+0000 I  STORAGE  [initandlisten] WiredTiger message [1585419638:375480][9:0x7f280ce9ad40], txn-recover: Recovering log 7 through 7
2020-03-28T18:20:38.428+0000 I  STORAGE  [initandlisten] WiredTiger message [1585419638:428807][9:0x7f280ce9ad40], txn-recover: Set global recovery timestamp: (0,0)
2020-03-28T18:20:38.466+0000 I  RECOVERY [initandlisten] WiredTiger recoveryTimestamp. Ts: Timestamp(0, 0)
2020-03-28T18:20:38.493+0000 I  STORAGE  [initandlisten] Timestamp monitor starting
2020-03-28T18:20:38.497+0000 I  CONTROL  [initandlisten] 
2020-03-28T18:20:38.498+0000 I  CONTROL  [initandlisten] ** WARNING: Access control is not enabled for the database.
2020-03-28T18:20:38.498+0000 I  CONTROL  [initandlisten] **          Read and write access to data and configuration is unrestricted.
2020-03-28T18:20:38.499+0000 I  CONTROL  [initandlisten] ** WARNING: You are running this process as the root user, which is not recommended.
2020-03-28T18:20:38.499+0000 I  CONTROL  [initandlisten] 
2020-03-28T18:20:38.514+0000 I  SHARDING [initandlisten] Marking collection local.system.replset as collection version: <unsharded>
2020-03-28T18:20:38.528+0000 I  STORAGE  [initandlisten] Flow Control is enabled on this deployment.
2020-03-28T18:20:38.529+0000 I  SHARDING [initandlisten] Marking collection admin.system.roles as collection version: <unsharded>
2020-03-28T18:20:38.530+0000 I  SHARDING [initandlisten] Marking collection admin.system.version as collection version: <unsharded>
2020-03-28T18:20:38.549+0000 I  SHARDING [initandlisten] Marking collection local.startup_log as collection version: <unsharded>
2020-03-28T18:20:38.551+0000 I  FTDC     [initandlisten] Initializing full-time diagnostic data capture with directory '/data/db/diagnostic.data'
2020-03-28T18:20:38.556+0000 I  SHARDING [LogicalSessionCacheRefresh] Marking collection config.system.sessions as collection version: <unsharded>
2020-03-28T18:20:38.557+0000 I  NETWORK  [initandlisten] Listening on /tmp/mongodb-27017.sock
2020-03-28T18:20:38.557+0000 I  NETWORK  [initandlisten] Listening on 0.0.0.0
2020-03-28T18:20:38.557+0000 I  SHARDING [LogicalSessionCacheReap] Marking collection config.transactions as collection version: <unsharded>
2020-03-28T18:20:38.557+0000 I  NETWORK  [initandlisten] waiting for connections on port 27017
2020-03-28T18:20:39.076+0000 I  FTDC     [ftdc] Unclean full-time diagnostic data capture shutdown detected, found interim file, some metrics may have been lost. OK
2020-03-28T18:20:39.358+0000 I  SHARDING [ftdc] Marking collection local.oplog.rs as collection version: <unsharded>
